<?xml version="1.0" encoding="UTF-8"?>
<!-- Generated by org.testng.reporters.JUnitReportReporter -->
<testsuite hostname="lin80025683" failures="0" tests="1" name="com.capgemini.runner.RunnersTests" time="0.450" errors="1" timestamp="2023-07-26T21:16:41 IST" skipped="0">
  <testcase classname="com.capgemini.runner.RunnersTests" name="runScenario" time="0.450">
    <error message="Cannot invoke &quot;org.openqa.selenium.WebDriver.get(String)&quot; because &quot;com.capgemini.utils.Helper.driver&quot; is null" type="java.lang.NullPointerException">
      <![CDATA[java.lang.NullPointerException: Cannot invoke "org.openqa.selenium.WebDriver.get(String)" because "com.capgemini.utils.Helper.driver" is null
at com.capgemini.utils.Helper.openPage(Helper.java:56)
at com.capgemini.stepdefinitions.MyLearningPlatformDefinitions.userLandsOnMyLearningPage(MyLearningPlatformDefinitions.java:44)
at âœ½.user lands on MyLearning page "https://mylearning.capgemini.com/"(file:///C:/Users/GORAJU/eclipse-workspace/MyLearningPlatform/src/test/java/com/capgemini/features/MyLearningPlatform.feature:5)
]]>
    </error>
  </testcase> <!-- runScenario -->
  <system-out/>
</testsuite> <!-- com.capgemini.runner.RunnersTests -->
