<?xml version="1.0" encoding="UTF-8"?>
<!-- Generated by org.testng.reporters.JUnitReportReporter -->
<testsuite hostname="lin80025683" failures="0" tests="1" name="com.capgemini.runner.RunnersTests" time="13.074" errors="0" timestamp="2023-07-25T18:07:18 IST" skipped="0">
  <testcase classname="com.capgemini.runner.RunnersTests" name="runScenario" time="13.074"/>
  <system-out/>
</testsuite> <!-- com.capgemini.runner.RunnersTests -->
